#
# There is insufficient memory for the Java Runtime Environment to continue.
# Native memory allocation (malloc) failed to allocate 1730624 bytes. Error detail: Chunk::new
# Possible reasons:
#   The system is out of physical RAM or swap space
#   This process is running with CompressedOops enabled, and the Java Heap may be blocking the growth of the native heap
# Possible solutions:
#   Reduce memory load on the system
#   Increase physical memory or swap space
#   Check if swap backing store is full
#   Decrease Java heap size (-Xmx/-Xms)
#   Decrease number of Java threads
#   Decrease Java thread stack sizes (-Xss)
#   Set larger code cache with -XX:ReservedCodeCacheSize=
#   JVM is running with Unscaled Compressed Oops mode in which the Java heap is
#     placed in the first 4GB address space. The Java Heap base address is the
#     maximum limit for the native heap growth. Please use -XX:HeapBaseMinAddress
#     to set the Java Heap base and to place the Java Heap above 4GB virtual address.
# This output file may be truncated or incomplete.
#
#  Out of Memory Error (arena.cpp:168), pid=28212, tid=11132
#
# JRE version: OpenJDK Runtime Environment Temurin-21.0.8+9 (21.0.8+9) (build 21.0.8+9-LTS)
# Java VM: OpenJDK 64-Bit Server VM Temurin-21.0.8+9 (21.0.8+9-LTS, mixed mode, sharing, tiered, compressed oops, compressed class ptrs, parallel gc, windows-amd64)
# No core dump will be written. Minidumps are not enabled by default on client versions of Windows
#

---------------  S U M M A R Y ------------

Command Line: --add-modules=ALL-SYSTEM --add-opens=java.base/java.util=ALL-UNNAMED --add-opens=java.base/java.lang=ALL-UNNAMED --add-opens=java.base/sun.nio.fs=ALL-UNNAMED -Declipse.application=org.eclipse.jdt.ls.core.id1 -Dosgi.bundles.defaultStartLevel=4 -Declipse.product=org.eclipse.jdt.ls.core.product -Djava.import.generatesMetadataFilesAtProjectRoot=false -DDetectVMInstallationsJob.disabled=true -Dfile.encoding=utf8 -XX:+UseParallelGC -XX:GCTimeRatio=4 -XX:AdaptiveSizePolicyWeight=90 -Dsun.zip.disableMemoryMapping=true -Xmx2G -Xms100m -Xlog:disable -javaagent:c:\Users\manis\.vscode\extensions\redhat.java-1.47.0-win32-x64\lombok\lombok-1.18.39-4050.jar -XX:+HeapDumpOnOutOfMemoryError -XX:HeapDumpPath=c:\Users\manis\AppData\Roaming\Code\User\workspaceStorage\e884781afedc080931b4d4262187a8db\redhat.java -Daether.dependencyCollector.impl=bf c:\Users\manis\.vscode\extensions\redhat.java-1.47.0-win32-x64\server\plugins\org.eclipse.equinox.launcher_1.7.100.v20251014-1222.jar -configuration c:\Users\manis\AppData\Roaming\Code\User\globalStorage\redhat.java\1.47.0\config_win -data c:\Users\manis\AppData\Roaming\Code\User\workspaceStorage\e884781afedc080931b4d4262187a8db\redhat.java\jdt_ws --pipe=\\.\pipe\lsp-5462904d6f9033f046c00ea67afa6760-sock

Host: AMD Ryzen 5 5600H with Radeon Graphics         , 12 cores, 7G,  Windows 11 , 64 bit Build 26100 (10.0.26100.6725)
Time: Tue Nov  4 14:52:00 2025 India Standard Time elapsed time: 9.101370 seconds (0d 0h 0m 9s)

---------------  T H R E A D  ---------------

Current thread (0x00000285ff837640):  JavaThread "C2 CompilerThread0" daemon [_thread_in_native, id=11132, stack(0x000000c616f00000,0x000000c617000000) (1024K)]


Current CompileTask:
C2:9101 4212       4       org.lombokweb.asm.ClassReader::readMethod (1070 bytes)

Stack: [0x000000c616f00000,0x000000c617000000]
Native frames: (J=compiled Java code, j=interpreted, Vv=VM code, C=native code)
V  [jvm.dll+0x6d2449]
V  [jvm.dll+0x8ae341]
V  [jvm.dll+0x8b08be]
V  [jvm.dll+0x8b0fa3]
V  [jvm.dll+0x280c96]
V  [jvm.dll+0xc581d]
V  [jvm.dll+0xc5d53]
V  [jvm.dll+0x3b919c]
V  [jvm.dll+0x385315]
V  [jvm.dll+0x38477a]
V  [jvm.dll+0x248ed0]
V  [jvm.dll+0x2484af]
V  [jvm.dll+0x1c89ee]
V  [jvm.dll+0x257d4d]
V  [jvm.dll+0x2562ea]
V  [jvm.dll+0x3f2d16]
V  [jvm.dll+0x857e6b]
V  [jvm.dll+0x6d0b0d]
C  [ucrtbase.dll+0x37b0]
C  [KERNEL32.DLL+0x2e8d7]
C  [ntdll.dll+0x8c53c]


---------------  P R O C E S S  ---------------

Threads class SMR info:
_java_thread_list=0x00000285e062b640, length=24, elements={
0x00000285fe74b7f0, 0x00000285ff8247c0, 0x000002859773c7f0, 0x00000285ff82a8d0,
0x00000285ff82c460, 0x00000285ff82ed50, 0x00000285ff82f3b0, 0x00000285ff837640,
0x00000285ff83b7e0, 0x00000285d9cf1990, 0x00000285d9e63a70, 0x00000285df7b36d0,
0x00000285df5464d0, 0x00000285df708a80, 0x00000285df7094b0, 0x00000285df6a2e10,
0x00000285df7834e0, 0x00000285df691330, 0x00000285df6919c0, 0x00000285df68ff80,
0x00000285df692050, 0x00000285df6926e0, 0x00000285df692d70, 0x00000285df690610
}

Java Threads: ( => current thread )
  0x00000285fe74b7f0 JavaThread "main"                              [_thread_blocked, id=34220, stack(0x000000c616500000,0x000000c616600000) (1024K)]
  0x00000285ff8247c0 JavaThread "Reference Handler"          daemon [_thread_blocked, id=15292, stack(0x000000c616900000,0x000000c616a00000) (1024K)]
  0x000002859773c7f0 JavaThread "Finalizer"                  daemon [_thread_blocked, id=30784, stack(0x000000c616a00000,0x000000c616b00000) (1024K)]
  0x00000285ff82a8d0 JavaThread "Signal Dispatcher"          daemon [_thread_blocked, id=26348, stack(0x000000c616b00000,0x000000c616c00000) (1024K)]
  0x00000285ff82c460 JavaThread "Attach Listener"            daemon [_thread_blocked, id=33404, stack(0x000000c616c00000,0x000000c616d00000) (1024K)]
  0x00000285ff82ed50 JavaThread "Service Thread"             daemon [_thread_blocked, id=26668, stack(0x000000c616d00000,0x000000c616e00000) (1024K)]
  0x00000285ff82f3b0 JavaThread "Monitor Deflation Thread"   daemon [_thread_blocked, id=26804, stack(0x000000c616e00000,0x000000c616f00000) (1024K)]
=>0x00000285ff837640 JavaThread "C2 CompilerThread0"         daemon [_thread_in_native, id=11132, stack(0x000000c616f00000,0x000000c617000000) (1024K)]
  0x00000285ff83b7e0 JavaThread "C1 CompilerThread0"         daemon [_thread_blocked, id=29852, stack(0x000000c617000000,0x000000c617100000) (1024K)]
  0x00000285d9cf1990 JavaThread "Common-Cleaner"             daemon [_thread_blocked, id=360, stack(0x000000c617100000,0x000000c617200000) (1024K)]
  0x00000285d9e63a70 JavaThread "Notification Thread"        daemon [_thread_blocked, id=2304, stack(0x000000c617300000,0x000000c617400000) (1024K)]
  0x00000285df7b36d0 JavaThread "Active Thread: Equinox Container: 47d9617d-0a55-4566-88e9-4fe45761edab"        [_thread_blocked, id=28876, stack(0x000000c617a00000,0x000000c617b00000) (1024K)]
  0x00000285df5464d0 JavaThread "Refresh Thread: Equinox Container: 47d9617d-0a55-4566-88e9-4fe45761edab" daemon [_thread_blocked, id=31608, stack(0x000000c617b00000,0x000000c617c00000) (1024K)]
  0x00000285df708a80 JavaThread "Framework Event Dispatcher: Equinox Container: 47d9617d-0a55-4566-88e9-4fe45761edab" daemon [_thread_blocked, id=20752, stack(0x000000c617d00000,0x000000c617e00000) (1024K)]
  0x00000285df7094b0 JavaThread "Start Level: Equinox Container: 47d9617d-0a55-4566-88e9-4fe45761edab" daemon [_thread_in_native, id=29516, stack(0x000000c617e00000,0x000000c617f00000) (1024K)]
  0x00000285df6a2e10 JavaThread "Bundle File Closer"         daemon [_thread_blocked, id=11016, stack(0x000000c618100000,0x000000c618200000) (1024K)]
  0x00000285df7834e0 JavaThread "SCR Component Actor"        daemon [_thread_blocked, id=25128, stack(0x000000c618200000,0x000000c618300000) (1024K)]
  0x00000285df691330 JavaThread "Worker-JM"                         [_thread_blocked, id=31728, stack(0x000000c618300000,0x000000c618400000) (1024K)]
  0x00000285df6919c0 JavaThread "JNA Cleaner"                daemon [_thread_blocked, id=22544, stack(0x000000c618400000,0x000000c618500000) (1024K)]
  0x00000285df68ff80 JavaThread "Worker-0: Repository registry initialization"        [_thread_blocked, id=33540, stack(0x000000c618500000,0x000000c618600000) (1024K)]
  0x00000285df692050 JavaThread "Worker-1: Updating Maven Dependencies"        [_thread_in_vm, id=15708, stack(0x000000c618600000,0x000000c618700000) (1024K)]
  0x00000285df6926e0 JavaThread "Java indexing"              daemon [_thread_blocked, id=34688, stack(0x000000c617200000,0x000000c617300000) (1024K)]
  0x00000285df692d70 JavaThread "Worker-2"                          [_thread_blocked, id=13936, stack(0x000000c618700000,0x000000c618800000) (1024K)]
  0x00000285df690610 JavaThread "Worker-3"                          [_thread_blocked, id=14660, stack(0x000000c618800000,0x000000c618900000) (1024K)]
Total: 24

Other Threads:
  0x0000028597724b60 VMThread "VM Thread"                           [id=26508, stack(0x000000c616800000,0x000000c616900000) (1024K)]
  0x000002859761ca00 WatcherThread "VM Periodic Task Thread"        [id=27584, stack(0x000000c616700000,0x000000c616800000) (1024K)]
  0x00000285ff79d200 WorkerThread "GC Thread#0"                     [id=30864, stack(0x000000c616600000,0x000000c616700000) (1024K)]
  0x00000285df4ded90 WorkerThread "GC Thread#1"                     [id=33108, stack(0x000000c617400000,0x000000c617500000) (1024K)]
  0x00000285df442510 WorkerThread "GC Thread#2"                     [id=23680, stack(0x000000c617500000,0x000000c617600000) (1024K)]
  0x00000285df4428b0 WorkerThread "GC Thread#3"                     [id=27172, stack(0x000000c617600000,0x000000c617700000) (1024K)]
  0x00000285df4d82b0 WorkerThread "GC Thread#4"                     [id=34388, stack(0x000000c617700000,0x000000c617800000) (1024K)]
  0x00000285df4d8650 WorkerThread "GC Thread#5"                     [id=3128, stack(0x000000c617800000,0x000000c617900000) (1024K)]
  0x00000285df7fe180 WorkerThread "GC Thread#6"                     [id=9960, stack(0x000000c617900000,0x000000c617a00000) (1024K)]
  0x00000285df31efa0 WorkerThread "GC Thread#7"                     [id=11336, stack(0x000000c617c00000,0x000000c617d00000) (1024K)]
  0x00000285dfbfcef0 WorkerThread "GC Thread#8"                     [id=17120, stack(0x000000c617f00000,0x000000c618000000) (1024K)]
  0x00000285dfc2e900 WorkerThread "GC Thread#9"                     [id=7972, stack(0x000000c618000000,0x000000c618100000) (1024K)]
Total: 12

Threads with active compile tasks:
C2 CompilerThread0  9135 4212       4       org.lombokweb.asm.ClassReader::readMethod (1070 bytes)
Total: 1

VM state: not at safepoint (normal execution)

VM Mutex/Monitor currently owned by a thread: None

Heap address: 0x0000000080000000, size: 2048 MB, Compressed Oops mode: 32-bit

CDS archive(s) mapped at: [0x0000028598000000-0x0000028598ba0000-0x0000028598ba0000), size 12189696, SharedBaseAddress: 0x0000028598000000, ArchiveRelocationMode: 1.
Compressed class space mapped at: 0x0000028599000000-0x00000285d9000000, reserved size: 1073741824
Narrow klass base: 0x0000028598000000, Narrow klass shift: 0, Narrow klass range: 0x100000000

GC Precious Log:
 CardTable entry size: 512
 CPUs: 12 total, 12 available
 Memory: 7521M
 Large Page Support: Disabled
 NUMA Support: Disabled
 Compressed Oops: Enabled (32-bit)
 Alignments: Space 512K, Generation 512K, Heap 2M
 Heap Min Capacity: 100M
 Heap Initial Capacity: 100M
 Heap Max Capacity: 2G
 Pre-touch: Disabled
 Parallel Workers: 10

Heap:
 PSYoungGen      total 23040K, used 7721K [0x00000000d5580000, 0x00000000d7100000, 0x0000000100000000)
  eden space 22016K, 30% used [0x00000000d5580000,0x00000000d5c0f2f0,0x00000000d6b00000)
  from space 1024K, 98% used [0x00000000d7000000,0x00000000d70fb118,0x00000000d7100000)
  to   space 2560K, 0% used [0x00000000d6c00000,0x00000000d6c00000,0x00000000d6e80000)
 ParOldGen       total 68608K, used 17961K [0x0000000080000000, 0x0000000084300000, 0x00000000d5580000)
  object space 68608K, 26% used [0x0000000080000000,0x000000008118a490,0x0000000084300000)
 Metaspace       used 31637K, committed 32704K, reserved 1114112K
  class space    used 3162K, committed 3584K, reserved 1048576K

Card table byte_map: [0x00000285ff120000,0x00000285ff530000] _byte_map_base: 0x00000285fed20000

Marking Bits: (ParMarkBitMap*) 0x00007ff8bc20a340
 Begin Bits: [0x0000028593540000, 0x0000028595540000)
 End Bits:   [0x0000028595540000, 0x0000028597540000)

Polling page: 0x00000285fe920000

Metaspace:

Usage:
  Non-class:     27.81 MB used.
      Class:      3.09 MB used.
       Both:     30.90 MB used.

Virtual space:
  Non-class space:       64.00 MB reserved,      28.44 MB ( 44%) committed,  1 nodes.
      Class space:        1.00 GB reserved,       3.50 MB ( <1%) committed,  1 nodes.
             Both:        1.06 GB reserved,      31.94 MB (  3%) committed. 

Chunk freelists:
   Non-Class:  3.17 MB
       Class:  12.54 MB
        Both:  15.71 MB

MaxMetaspaceSize: unlimited
CompressedClassSpaceSize: 1.00 GB
Initial GC threshold: 21.00 MB
Current GC threshold: 35.00 MB
CDS: on
 - commit_granule_bytes: 65536.
 - commit_granule_words: 8192.
 - virtual_space_node_default_size: 8388608.
 - enlarge_chunks_in_place: 1.
 - use_allocation_guard: 0.


Internal statistics:

num_allocs_failed_limit: 3.
num_arena_births: 720.
num_arena_deaths: 14.
num_vsnodes_births: 2.
num_vsnodes_deaths: 0.
num_space_committed: 511.
num_space_uncommitted: 0.
num_chunks_returned_to_freelist: 17.
num_chunks_taken_from_freelist: 2013.
num_chunk_merges: 4.
num_chunk_splits: 1284.
num_chunks_enlarged: 806.
num_inconsistent_stats: 0.

CodeHeap 'non-profiled nmethods': size=120000Kb used=2020Kb max_used=2020Kb free=117979Kb
 bounds [0x000002858c010000, 0x000002858c280000, 0x0000028593540000]
CodeHeap 'profiled nmethods': size=120000Kb used=9498Kb max_used=9498Kb free=110501Kb
 bounds [0x0000028584540000, 0x0000028584e90000, 0x000002858ba70000]
CodeHeap 'non-nmethods': size=5760Kb used=1348Kb max_used=1348Kb free=4411Kb
 bounds [0x000002858ba70000, 0x000002858bce0000, 0x000002858c010000]
CodeCache: size=245760Kb, used=12866Kb, max_used=12866Kb, free=232891Kb
 total_blobs=5199, nmethods=4557, adapters=548, full_count=0
Compilation: enabled, stopped_count=0, restarted_count=0

Compilation events (20 events):
Event: 8.058 Thread 0x00000285ff83b7e0 4564       2       java.lang.ref.ReferenceQueue::remove0 (64 bytes)
Event: 8.058 Thread 0x00000285ff83b7e0 nmethod 4564 0x0000028584e7ee10 code [0x0000028584e7f000, 0x0000028584e7f310]
Event: 8.065 Thread 0x00000285ff83b7e0 4565       3       java.lang.String::getBytes (44 bytes)
Event: 8.065 Thread 0x00000285ff83b7e0 nmethod 4565 0x0000028584e7f490 code [0x0000028584e7f660, 0x0000028584e7f968]
Event: 8.068 Thread 0x00000285ff83b7e0 4566       2       org.eclipse.core.internal.registry.ConfigurationElementHandle::getName (8 bytes)
Event: 8.068 Thread 0x00000285ff83b7e0 nmethod 4566 0x0000028584e7fa90 code [0x0000028584e7fc40, 0x0000028584e7fdc8]
Event: 8.070 Thread 0x00000285ff83b7e0 4567       2       jdk.internal.org.objectweb.asm.MethodVisitor::visitInsn (16 bytes)
Event: 8.070 Thread 0x00000285ff83b7e0 nmethod 4567 0x0000028584e7ff10 code [0x0000028584e800c0, 0x0000028584e80200]
Event: 8.079 Thread 0x00000285ff83b7e0 4568       2       org.apache.aries.spifly.BaseActivator::getAllHeaders (189 bytes)
Event: 8.080 Thread 0x00000285ff83b7e0 nmethod 4568 0x0000028584e80290 code [0x0000028584e80580, 0x0000028584e81170]
Event: 8.080 Thread 0x00000285ff83b7e0 4569   !   2       org.osgi.util.tracker.AbstractTracked::track (97 bytes)
Event: 8.080 Thread 0x00000285ff83b7e0 nmethod 4569 0x0000028584e81a90 code [0x0000028584e81ca0, 0x0000028584e82100]
Event: 8.083 Thread 0x00000285ff83b7e0 4570       2       java.lang.Class::privateGetDeclaredMethods (64 bytes)
Event: 8.084 Thread 0x00000285ff83b7e0 nmethod 4570 0x0000028584e82310 code [0x0000028584e82500, 0x0000028584e82888]
Event: 8.084 Thread 0x00000285ff83b7e0 4571       3       jdk.internal.org.objectweb.asm.ByteVector::putShort (52 bytes)
Event: 8.084 Thread 0x00000285ff83b7e0 nmethod 4571 0x0000028584e82a90 code [0x0000028584e82c40, 0x0000028584e82e40]
Event: 8.084 Thread 0x00000285ff83b7e0 4572       2       java.util.StringJoiner::add (110 bytes)
Event: 8.084 Thread 0x00000285ff83b7e0 nmethod 4572 0x0000028584e82f90 code [0x0000028584e83180, 0x0000028584e835d8]
Event: 8.967 Thread 0x00000285ff83b7e0 4574       2       jdk.internal.misc.Unsafe::putReferenceOpaque (9 bytes)
Event: 9.092 Thread 0x00000285ff83b7e0 nmethod 4574 0x0000028584e83890 code [0x0000028584e83a20, 0x0000028584e83b48]

GC Heap History (20 events):
Event: 4.395 GC heap before
{Heap before GC invocations=4 (full 0):
 PSYoungGen      total 29696K, used 29677K [0x00000000d5580000, 0x00000000d7680000, 0x0000000100000000)
  eden space 25600K, 100% used [0x00000000d5580000,0x00000000d6e80000,0x00000000d6e80000)
  from space 4096K, 99% used [0x00000000d6e80000,0x00000000d727b628,0x00000000d7280000)
  to   space 4096K, 0% used [0x00000000d7280000,0x00000000d7280000,0x00000000d7680000)
 ParOldGen       total 68608K, used 4754K [0x0000000080000000, 0x0000000084300000, 0x00000000d5580000)
  object space 68608K, 6% used [0x0000000080000000,0x00000000804a4848,0x0000000084300000)
 Metaspace       used 12159K, committed 12544K, reserved 1114112K
  class space    used 1292K, committed 1472K, reserved 1048576K
}
Event: 4.400 GC heap after
{Heap after GC invocations=4 (full 0):
 PSYoungGen      total 29696K, used 4090K [0x00000000d5580000, 0x00000000d7680000, 0x0000000100000000)
  eden space 25600K, 0% used [0x00000000d5580000,0x00000000d5580000,0x00000000d6e80000)
  from space 4096K, 99% used [0x00000000d7280000,0x00000000d767ebd0,0x00000000d7680000)
  to   space 4096K, 0% used [0x00000000d6e80000,0x00000000d6e80000,0x00000000d7280000)
 ParOldGen       total 68608K, used 6085K [0x0000000080000000, 0x0000000084300000, 0x00000000d5580000)
  object space 68608K, 8% used [0x0000000080000000,0x00000000805f16f0,0x0000000084300000)
 Metaspace       used 12159K, committed 12544K, reserved 1114112K
  class space    used 1292K, committed 1472K, reserved 1048576K
}
Event: 5.879 GC heap before
{Heap before GC invocations=5 (full 0):
 PSYoungGen      total 29696K, used 29690K [0x00000000d5580000, 0x00000000d7680000, 0x0000000100000000)
  eden space 25600K, 100% used [0x00000000d5580000,0x00000000d6e80000,0x00000000d6e80000)
  from space 4096K, 99% used [0x00000000d7280000,0x00000000d767ebd0,0x00000000d7680000)
  to   space 4096K, 0% used [0x00000000d6e80000,0x00000000d6e80000,0x00000000d7280000)
 ParOldGen       total 68608K, used 6085K [0x0000000080000000, 0x0000000084300000, 0x00000000d5580000)
  object space 68608K, 8% used [0x0000000080000000,0x00000000805f16f0,0x0000000084300000)
 Metaspace       used 15278K, committed 15936K, reserved 1114112K
  class space    used 1567K, committed 1856K, reserved 1048576K
}
Event: 5.883 GC heap after
{Heap after GC invocations=5 (full 0):
 PSYoungGen      total 29184K, used 4082K [0x00000000d5580000, 0x00000000d7a00000, 0x0000000100000000)
  eden space 25088K, 0% used [0x00000000d5580000,0x00000000d5580000,0x00000000d6e00000)
  from space 4096K, 99% used [0x00000000d6e80000,0x00000000d727ca60,0x00000000d7280000)
  to   space 6144K, 0% used [0x00000000d7400000,0x00000000d7400000,0x00000000d7a00000)
 ParOldGen       total 68608K, used 7694K [0x0000000080000000, 0x0000000084300000, 0x00000000d5580000)
  object space 68608K, 11% used [0x0000000080000000,0x0000000080783b40,0x0000000084300000)
 Metaspace       used 15278K, committed 15936K, reserved 1114112K
  class space    used 1567K, committed 1856K, reserved 1048576K
}
Event: 6.504 GC heap before
{Heap before GC invocations=6 (full 0):
 PSYoungGen      total 29184K, used 29170K [0x00000000d5580000, 0x00000000d7a00000, 0x0000000100000000)
  eden space 25088K, 100% used [0x00000000d5580000,0x00000000d6e00000,0x00000000d6e00000)
  from space 4096K, 99% used [0x00000000d6e80000,0x00000000d727ca60,0x00000000d7280000)
  to   space 6144K, 0% used [0x00000000d7400000,0x00000000d7400000,0x00000000d7a00000)
 ParOldGen       total 68608K, used 7694K [0x0000000080000000, 0x0000000084300000, 0x00000000d5580000)
  object space 68608K, 11% used [0x0000000080000000,0x0000000080783b40,0x0000000084300000)
 Metaspace       used 18320K, committed 18944K, reserved 1114112K
  class space    used 1913K, committed 2176K, reserved 1048576K
}
Event: 6.508 GC heap after
{Heap after GC invocations=6 (full 0):
 PSYoungGen      total 30208K, used 6113K [0x00000000d5580000, 0x00000000d7b80000, 0x0000000100000000)
  eden space 24064K, 0% used [0x00000000d5580000,0x00000000d5580000,0x00000000d6d00000)
  from space 6144K, 99% used [0x00000000d7400000,0x00000000d79f86b0,0x00000000d7a00000)
  to   space 7168K, 0% used [0x00000000d6d00000,0x00000000d6d00000,0x00000000d7400000)
 ParOldGen       total 68608K, used 8242K [0x0000000080000000, 0x0000000084300000, 0x00000000d5580000)
  object space 68608K, 12% used [0x0000000080000000,0x000000008080cb88,0x0000000084300000)
 Metaspace       used 18320K, committed 18944K, reserved 1114112K
  class space    used 1913K, committed 2176K, reserved 1048576K
}
Event: 6.888 GC heap before
{Heap before GC invocations=7 (full 0):
 PSYoungGen      total 30208K, used 30177K [0x00000000d5580000, 0x00000000d7b80000, 0x0000000100000000)
  eden space 24064K, 100% used [0x00000000d5580000,0x00000000d6d00000,0x00000000d6d00000)
  from space 6144K, 99% used [0x00000000d7400000,0x00000000d79f86b0,0x00000000d7a00000)
  to   space 7168K, 0% used [0x00000000d6d00000,0x00000000d6d00000,0x00000000d7400000)
 ParOldGen       total 68608K, used 8242K [0x0000000080000000, 0x0000000084300000, 0x00000000d5580000)
  object space 68608K, 12% used [0x0000000080000000,0x000000008080cb88,0x0000000084300000)
 Metaspace       used 20605K, committed 21376K, reserved 1114112K
  class space    used 2170K, committed 2496K, reserved 1048576K
}
Event: 6.894 GC heap after
{Heap after GC invocations=7 (full 0):
 PSYoungGen      total 29696K, used 5636K [0x00000000d5580000, 0x00000000d7880000, 0x0000000100000000)
  eden space 23552K, 0% used [0x00000000d5580000,0x00000000d5580000,0x00000000d6c80000)
  from space 6144K, 91% used [0x00000000d6d00000,0x00000000d7281068,0x00000000d7300000)
  to   space 5632K, 0% used [0x00000000d7300000,0x00000000d7300000,0x00000000d7880000)
 ParOldGen       total 68608K, used 9545K [0x0000000080000000, 0x0000000084300000, 0x00000000d5580000)
  object space 68608K, 13% used [0x0000000080000000,0x0000000080952410,0x0000000084300000)
 Metaspace       used 20605K, committed 21376K, reserved 1114112K
  class space    used 2170K, committed 2496K, reserved 1048576K
}
Event: 6.919 GC heap before
{Heap before GC invocations=8 (full 0):
 PSYoungGen      total 29696K, used 7016K [0x00000000d5580000, 0x00000000d7880000, 0x0000000100000000)
  eden space 23552K, 5% used [0x00000000d5580000,0x00000000d56d91f8,0x00000000d6c80000)
  from space 6144K, 91% used [0x00000000d6d00000,0x00000000d7281068,0x00000000d7300000)
  to   space 5632K, 0% used [0x00000000d7300000,0x00000000d7300000,0x00000000d7880000)
 ParOldGen       total 68608K, used 9545K [0x0000000080000000, 0x0000000084300000, 0x00000000d5580000)
  object space 68608K, 13% used [0x0000000080000000,0x0000000080952410,0x0000000084300000)
 Metaspace       used 20729K, committed 21504K, reserved 1114112K
  class space    used 2179K, committed 2496K, reserved 1048576K
}
Event: 6.923 GC heap after
{Heap after GC invocations=8 (full 0):
 PSYoungGen      total 29184K, used 5308K [0x00000000d5580000, 0x00000000d7880000, 0x0000000100000000)
  eden space 23552K, 0% used [0x00000000d5580000,0x00000000d5580000,0x00000000d6c80000)
  from space 5632K, 94% used [0x00000000d7300000,0x00000000d782f3a8,0x00000000d7880000)
  to   space 5632K, 0% used [0x00000000d6d80000,0x00000000d6d80000,0x00000000d7300000)
 ParOldGen       total 68608K, used 10036K [0x0000000080000000, 0x0000000084300000, 0x00000000d5580000)
  object space 68608K, 14% used [0x0000000080000000,0x00000000809cd380,0x0000000084300000)
 Metaspace       used 20729K, committed 21504K, reserved 1114112K
  class space    used 2179K, committed 2496K, reserved 1048576K
}
Event: 6.923 GC heap before
{Heap before GC invocations=9 (full 1):
 PSYoungGen      total 29184K, used 5308K [0x00000000d5580000, 0x00000000d7880000, 0x0000000100000000)
  eden space 23552K, 0% used [0x00000000d5580000,0x00000000d5580000,0x00000000d6c80000)
  from space 5632K, 94% used [0x00000000d7300000,0x00000000d782f3a8,0x00000000d7880000)
  to   space 5632K, 0% used [0x00000000d6d80000,0x00000000d6d80000,0x00000000d7300000)
 ParOldGen       total 68608K, used 10036K [0x0000000080000000, 0x0000000084300000, 0x00000000d5580000)
  object space 68608K, 14% used [0x0000000080000000,0x00000000809cd380,0x0000000084300000)
 Metaspace       used 20729K, committed 21504K, reserved 1114112K
  class space    used 2179K, committed 2496K, reserved 1048576K
}
Event: 6.966 GC heap after
{Heap after GC invocations=9 (full 1):
 PSYoungGen      total 29184K, used 0K [0x00000000d5580000, 0x00000000d7880000, 0x0000000100000000)
  eden space 23552K, 0% used [0x00000000d5580000,0x00000000d5580000,0x00000000d6c80000)
  from space 5632K, 0% used [0x00000000d7300000,0x00000000d7300000,0x00000000d7880000)
  to   space 5632K, 0% used [0x00000000d6d80000,0x00000000d6d80000,0x00000000d7300000)
 ParOldGen       total 68608K, used 14047K [0x0000000080000000, 0x0000000084300000, 0x00000000d5580000)
  object space 68608K, 20% used [0x0000000080000000,0x0000000080db7c28,0x0000000084300000)
 Metaspace       used 20717K, committed 21504K, reserved 1114112K
  class space    used 2176K, committed 2496K, reserved 1048576K
}
Event: 7.275 GC heap before
{Heap before GC invocations=10 (full 1):
 PSYoungGen      total 29184K, used 23544K [0x00000000d5580000, 0x00000000d7880000, 0x0000000100000000)
  eden space 23552K, 99% used [0x00000000d5580000,0x00000000d6c7e358,0x00000000d6c80000)
  from space 5632K, 0% used [0x00000000d7300000,0x00000000d7300000,0x00000000d7880000)
  to   space 5632K, 0% used [0x00000000d6d80000,0x00000000d6d80000,0x00000000d7300000)
 ParOldGen       total 68608K, used 14047K [0x0000000080000000, 0x0000000084300000, 0x00000000d5580000)
  object space 68608K, 20% used [0x0000000080000000,0x0000000080db7c28,0x0000000084300000)
 Metaspace       used 22925K, committed 23808K, reserved 1114112K
  class space    used 2325K, committed 2688K, reserved 1048576K
}
Event: 7.277 GC heap after
{Heap after GC invocations=10 (full 1):
 PSYoungGen      total 24064K, used 992K [0x00000000d5580000, 0x00000000d7380000, 0x0000000100000000)
  eden space 23040K, 0% used [0x00000000d5580000,0x00000000d5580000,0x00000000d6c00000)
  from space 1024K, 96% used [0x00000000d6d80000,0x00000000d6e78390,0x00000000d6e80000)
  to   space 3072K, 0% used [0x00000000d7080000,0x00000000d7080000,0x00000000d7380000)
 ParOldGen       total 68608K, used 14055K [0x0000000080000000, 0x0000000084300000, 0x00000000d5580000)
  object space 68608K, 20% used [0x0000000080000000,0x0000000080db9c28,0x0000000084300000)
 Metaspace       used 22925K, committed 23808K, reserved 1114112K
  class space    used 2325K, committed 2688K, reserved 1048576K
}
Event: 7.562 GC heap before
{Heap before GC invocations=11 (full 1):
 PSYoungGen      total 24064K, used 23549K [0x00000000d5580000, 0x00000000d7380000, 0x0000000100000000)
  eden space 23040K, 97% used [0x00000000d5580000,0x00000000d6b87350,0x00000000d6c00000)
  from space 1024K, 96% used [0x00000000d6d80000,0x00000000d6e78390,0x00000000d6e80000)
  to   space 3072K, 0% used [0x00000000d7080000,0x00000000d7080000,0x00000000d7380000)
 ParOldGen       total 68608K, used 14055K [0x0000000080000000, 0x0000000084300000, 0x00000000d5580000)
  object space 68608K, 20% used [0x0000000080000000,0x0000000080db9c28,0x0000000084300000)
 Metaspace       used 26304K, committed 27136K, reserved 1114112K
  class space    used 2589K, committed 2944K, reserved 1048576K
}
Event: 7.562 GC heap after
{Heap after GC invocations=11 (full 1):
 PSYoungGen      total 24064K, used 1231K [0x00000000d5580000, 0x00000000d7200000, 0x0000000100000000)
  eden space 22528K, 0% used [0x00000000d5580000,0x00000000d5580000,0x00000000d6b80000)
  from space 1536K, 80% used [0x00000000d7080000,0x00000000d71b3c20,0x00000000d7200000)
  to   space 1536K, 0% used [0x00000000d6f00000,0x00000000d6f00000,0x00000000d7080000)
 ParOldGen       total 68608K, used 14055K [0x0000000080000000, 0x0000000084300000, 0x00000000d5580000)
  object space 68608K, 20% used [0x0000000080000000,0x0000000080db9c28,0x0000000084300000)
 Metaspace       used 26304K, committed 27136K, reserved 1114112K
  class space    used 2589K, committed 2944K, reserved 1048576K
}
Event: 7.822 GC heap before
{Heap before GC invocations=12 (full 1):
 PSYoungGen      total 24064K, used 23759K [0x00000000d5580000, 0x00000000d7200000, 0x0000000100000000)
  eden space 22528K, 100% used [0x00000000d5580000,0x00000000d6b80000,0x00000000d6b80000)
  from space 1536K, 80% used [0x00000000d7080000,0x00000000d71b3c20,0x00000000d7200000)
  to   space 1536K, 0% used [0x00000000d6f00000,0x00000000d6f00000,0x00000000d7080000)
 ParOldGen       total 68608K, used 14055K [0x0000000080000000, 0x0000000084300000, 0x00000000d5580000)
  object space 68608K, 20% used [0x0000000080000000,0x0000000080db9c28,0x0000000084300000)
 Metaspace       used 27616K, committed 28544K, reserved 1114112K
  class space    used 2682K, committed 3072K, reserved 1048576K
}
Event: 7.825 GC heap after
{Heap after GC invocations=12 (full 1):
 PSYoungGen      total 23040K, used 1024K [0x00000000d5580000, 0x00000000d7100000, 0x0000000100000000)
  eden space 22016K, 0% used [0x00000000d5580000,0x00000000d5580000,0x00000000d6b00000)
  from space 1024K, 100% used [0x00000000d6f00000,0x00000000d7000000,0x00000000d7000000)
  to   space 1024K, 0% used [0x00000000d7000000,0x00000000d7000000,0x00000000d7100000)
 ParOldGen       total 68608K, used 16719K [0x0000000080000000, 0x0000000084300000, 0x00000000d5580000)
  object space 68608K, 24% used [0x0000000080000000,0x0000000081053e58,0x0000000084300000)
 Metaspace       used 27616K, committed 28544K, reserved 1114112K
  class space    used 2682K, committed 3072K, reserved 1048576K
}
Event: 8.055 GC heap before
{Heap before GC invocations=13 (full 1):
 PSYoungGen      total 23040K, used 22999K [0x00000000d5580000, 0x00000000d7100000, 0x0000000100000000)
  eden space 22016K, 99% used [0x00000000d5580000,0x00000000d6af5e88,0x00000000d6b00000)
  from space 1024K, 100% used [0x00000000d6f00000,0x00000000d7000000,0x00000000d7000000)
  to   space 1024K, 0% used [0x00000000d7000000,0x00000000d7000000,0x00000000d7100000)
 ParOldGen       total 68608K, used 16719K [0x0000000080000000, 0x0000000084300000, 0x00000000d5580000)
  object space 68608K, 24% used [0x0000000080000000,0x0000000081053e58,0x0000000084300000)
 Metaspace       used 30623K, committed 31680K, reserved 1114112K
  class space    used 3037K, committed 3456K, reserved 1048576K
}
Event: 8.057 GC heap after
{Heap after GC invocations=13 (full 1):
 PSYoungGen      total 23040K, used 1004K [0x00000000d5580000, 0x00000000d7100000, 0x0000000100000000)
  eden space 22016K, 0% used [0x00000000d5580000,0x00000000d5580000,0x00000000d6b00000)
  from space 1024K, 98% used [0x00000000d7000000,0x00000000d70fb118,0x00000000d7100000)
  to   space 2560K, 0% used [0x00000000d6c00000,0x00000000d6c00000,0x00000000d6e80000)
 ParOldGen       total 68608K, used 17961K [0x0000000080000000, 0x0000000084300000, 0x00000000d5580000)
  object space 68608K, 26% used [0x0000000080000000,0x000000008118a490,0x0000000084300000)
 Metaspace       used 30623K, committed 31680K, reserved 1114112K
  class space    used 3037K, committed 3456K, reserved 1048576K
}

Dll operation events (10 events):
Event: 0.017 Loaded shared library c:\Users\manis\.vscode\extensions\redhat.java-1.47.0-win32-x64\jre\21.0.8-win32-x86_64\bin\java.dll
Event: 0.127 Loaded shared library c:\Users\manis\.vscode\extensions\redhat.java-1.47.0-win32-x64\jre\21.0.8-win32-x86_64\bin\zip.dll
Event: 0.154 Loaded shared library C:\Users\manis\.vscode\extensions\redhat.java-1.47.0-win32-x64\jre\21.0.8-win32-x86_64\bin\instrument.dll
Event: 0.161 Loaded shared library C:\Users\manis\.vscode\extensions\redhat.java-1.47.0-win32-x64\jre\21.0.8-win32-x86_64\bin\net.dll
Event: 0.169 Loaded shared library C:\Users\manis\.vscode\extensions\redhat.java-1.47.0-win32-x64\jre\21.0.8-win32-x86_64\bin\nio.dll
Event: 0.175 Loaded shared library C:\Users\manis\.vscode\extensions\redhat.java-1.47.0-win32-x64\jre\21.0.8-win32-x86_64\bin\zip.dll
Event: 0.203 Loaded shared library C:\Users\manis\.vscode\extensions\redhat.java-1.47.0-win32-x64\jre\21.0.8-win32-x86_64\bin\jimage.dll
Event: 0.351 Loaded shared library c:\Users\manis\.vscode\extensions\redhat.java-1.47.0-win32-x64\jre\21.0.8-win32-x86_64\bin\verify.dll
Event: 2.196 Loaded shared library C:\Users\manis\AppData\Roaming\Code\User\globalStorage\redhat.java\1.47.0\config_win\org.eclipse.equinox.launcher\org.eclipse.equinox.launcher.win32.win32.x86_64_1.2.1400.v20250801-0854\eclipse_11916.dll
Event: 6.223 Loaded shared library C:\Users\manis\AppData\Local\Temp\jna-103662596\jna18240742036846883328.dll

Deoptimization events (20 events):
Event: 7.949 Thread 0x00000285df692050 Uncommon trap: trap_request=0xffffff76 fr.pc=0x000002858c1c8380 relative=0x0000000000000380
Event: 7.949 Thread 0x00000285df692050 Uncommon trap: reason=predicate action=maybe_recompile pc=0x000002858c1c8380 method=java.util.regex.Pattern$BmpCharPropertyGreedy.match(Ljava/util/regex/Matcher;ILjava/lang/CharSequence;)Z @ 12 c2
Event: 7.949 Thread 0x00000285df692050 DEOPT PACKING pc=0x000002858c1c8380 sp=0x000000c6186fe220
Event: 7.949 Thread 0x00000285df692050 DEOPT UNPACKING pc=0x000002858bac3aa2 sp=0x000000c6186fe1c8 mode 2
Event: 7.961 Thread 0x00000285df7094b0 Uncommon trap: trap_request=0xffffff45 fr.pc=0x000002858c152dd4 relative=0x00000000000002f4
Event: 7.961 Thread 0x00000285df7094b0 Uncommon trap: reason=unstable_if action=reinterpret pc=0x000002858c152dd4 method=java.util.Properties.getProperty(Ljava/lang/String;)Ljava/lang/String; @ 36 c2
Event: 7.961 Thread 0x00000285df7094b0 DEOPT PACKING pc=0x000002858c152dd4 sp=0x000000c617efe5d0
Event: 7.961 Thread 0x00000285df7094b0 DEOPT UNPACKING pc=0x000002858bac3aa2 sp=0x000000c617efe578 mode 2
Event: 7.993 Thread 0x00000285df68ff80 Uncommon trap: trap_request=0xffffff45 fr.pc=0x000002858c076aa8 relative=0x0000000000000108
Event: 7.993 Thread 0x00000285df68ff80 Uncommon trap: reason=unstable_if action=reinterpret pc=0x000002858c076aa8 method=jdk.internal.org.objectweb.asm.ByteVector.putShort(I)Ljdk/internal/org/objectweb/asm/ByteVector; @ 13 c2
Event: 7.993 Thread 0x00000285df68ff80 DEOPT PACKING pc=0x000002858c076aa8 sp=0x000000c6185fd410
Event: 7.993 Thread 0x00000285df68ff80 DEOPT UNPACKING pc=0x000002858bac3aa2 sp=0x000000c6185fd3a8 mode 2
Event: 8.060 Thread 0x00000285df7094b0 Uncommon trap: trap_request=0xffffff45 fr.pc=0x000002858c06d28c relative=0x00000000000000ec
Event: 8.060 Thread 0x00000285df7094b0 Uncommon trap: reason=unstable_if action=reinterpret pc=0x000002858c06d28c method=java.lang.String.getBytes([BIB)V @ 5 c2
Event: 8.060 Thread 0x00000285df7094b0 DEOPT PACKING pc=0x000002858c06d28c sp=0x000000c617efe120
Event: 8.060 Thread 0x00000285df7094b0 DEOPT UNPACKING pc=0x000002858bac3aa2 sp=0x000000c617efe0c8 mode 2
Event: 8.084 Thread 0x00000285df7094b0 Uncommon trap: trap_request=0xffffff45 fr.pc=0x000002858c0761c4 relative=0x0000000000000124
Event: 8.084 Thread 0x00000285df7094b0 Uncommon trap: reason=unstable_if action=reinterpret pc=0x000002858c0761c4 method=jdk.internal.org.objectweb.asm.SymbolTable.put(Ljdk/internal/org/objectweb/asm/SymbolTable$Entry;)Ljdk/internal/org/objectweb/asm/SymbolTable$Entry; @ 13 c2
Event: 8.084 Thread 0x00000285df7094b0 DEOPT PACKING pc=0x000002858c0761c4 sp=0x000000c617efbdc0
Event: 8.084 Thread 0x00000285df7094b0 DEOPT UNPACKING pc=0x000002858bac3aa2 sp=0x000000c617efbd20 mode 2

Classes loaded (20 events):
Event: 8.030 Loading class com/sun/org/apache/xml/internal/serializer/NamespaceMappings
Event: 8.030 Loading class com/sun/org/apache/xml/internal/serializer/NamespaceMappings done
Event: 8.030 Loading class com/sun/org/apache/xml/internal/serializer/NamespaceMappings$MappingRecord
Event: 8.030 Loading class com/sun/org/apache/xml/internal/serializer/NamespaceMappings$MappingRecord done
Event: 8.030 Loading class javax/xml/transform/stream/StreamSource
Event: 8.030 Loading class javax/xml/transform/stream/StreamSource done
Event: 8.030 Loading class javax/xml/transform/sax/SAXSource
Event: 8.030 Loading class javax/xml/transform/sax/SAXSource done
Event: 8.030 Loading class javax/xml/transform/stax/StAXSource
Event: 8.030 Loading class javax/xml/transform/stax/StAXSource done
Event: 8.030 Loading class com/sun/org/apache/xalan/internal/xsltc/trax/DOM2TO
Event: 8.031 Loading class com/sun/org/apache/xalan/internal/xsltc/trax/DOM2TO done
Event: 8.032 Loading class com/sun/org/apache/xml/internal/serializer/WriterToUTF8Buffered
Event: 8.033 Loading class com/sun/org/apache/xml/internal/serializer/WriterChain
Event: 8.033 Loading class com/sun/org/apache/xml/internal/serializer/WriterChain done
Event: 8.033 Loading class com/sun/org/apache/xml/internal/serializer/WriterToUTF8Buffered done
Event: 8.033 Loading class com/sun/org/apache/xml/internal/serializer/WriterToASCI
Event: 8.033 Loading class com/sun/org/apache/xml/internal/serializer/WriterToASCI done
Event: 8.057 Loading class sun/nio/cs/UTF_8$Encoder
Event: 8.058 Loading class sun/nio/cs/UTF_8$Encoder done

Classes unloaded (7 events):
Event: 6.928 Thread 0x0000028597724b60 Unloading class 0x00000285991ab000 'java/lang/invoke/LambdaForm$MH+0x00000285991ab000'
Event: 6.928 Thread 0x0000028597724b60 Unloading class 0x00000285991aac00 'java/lang/invoke/LambdaForm$MH+0x00000285991aac00'
Event: 6.928 Thread 0x0000028597724b60 Unloading class 0x00000285991aa800 'java/lang/invoke/LambdaForm$MH+0x00000285991aa800'
Event: 6.928 Thread 0x0000028597724b60 Unloading class 0x00000285991aa400 'java/lang/invoke/LambdaForm$MH+0x00000285991aa400'
Event: 6.928 Thread 0x0000028597724b60 Unloading class 0x00000285991aa000 'java/lang/invoke/LambdaForm$BMH+0x00000285991aa000'
Event: 6.928 Thread 0x0000028597724b60 Unloading class 0x00000285991a9c00 'java/lang/invoke/LambdaForm$DMH+0x00000285991a9c00'
Event: 6.928 Thread 0x0000028597724b60 Unloading class 0x00000285991a8800 'java/lang/invoke/LambdaForm$DMH+0x00000285991a8800'

Classes redefined (0 events):
No events

Internal exceptions (20 events):
Event: 7.607 Thread 0x00000285df7094b0 Exception <a 'java/lang/NoSuchMethodError'{0x00000000d613b1e0}: 'java.lang.Object java.lang.invoke.DirectMethodHandle$Holder.newInvokeSpecial(java.lang.Object, int, java.lang.Object, java.lang.Object)'> (0x00000000d613b1e0) 
thrown [s\src\hotspot\share\interpreter\linkResolver.cpp, line 773]
Event: 7.798 Thread 0x00000285df7094b0 Exception <a 'java/lang/ClassNotFoundException'{0x00000000d6a220d8}: com/sun/org/apache/xerces/internal/impl/msg/spi/DOMMessagesProvider> (0x00000000d6a220d8) 
thrown [s\src\hotspot\share\classfile\systemDictionary.cpp, line 312]
Event: 7.799 Thread 0x00000285df7094b0 Exception <a 'java/lang/ClassNotFoundException'{0x00000000d6a33840}: com/sun/org/apache/xerces/internal/impl/msg/spi/XMLSerializerMessagesProvider> (0x00000000d6a33840) 
thrown [s\src\hotspot\share\classfile\systemDictionary.cpp, line 312]
Event: 7.800 Thread 0x00000285df7094b0 Exception <a 'java/lang/ClassNotFoundException'{0x00000000d6a40b10}: com/sun/org/apache/xerces/internal/impl/msg/spi/XMLMessagesProvider> (0x00000000d6a40b10) 
thrown [s\src\hotspot\share\classfile\systemDictionary.cpp, line 312]
Event: 7.926 Thread 0x00000285df692050 Exception <a 'java/lang/NoSuchMethodError'{0x00000000d5cb6658}: 'java.lang.Object java.lang.invoke.DirectMethodHandle$Holder.invokeStaticInit(java.lang.Object, java.lang.Object, java.lang.Object, java.lang.Object, java.lang.Object, java.lang.Object, java.lang.Object)'> (0x00000000d5cb6658) 
thrown [s\src\hotspot\share\interpreter\linkResolver.cpp, line 773]
Event: 7.927 Thread 0x00000285df692050 Exception <a 'java/lang/NoSuchMethodError'{0x00000000d5cbae30}: 'java.lang.Object java.lang.invoke.Invokers$Holder.invoke_MT(java.lang.Object, java.lang.Object, java.lang.Object, java.lang.Object, java.lang.Object, java.lang.Object, java.lang.Object, java.lang.Object, java.lang.Object)'> (0x00000000d5cbae30) 
thrown [s\src\hotspot\share\interpreter\linkResolver.cpp, line 773]
Event: 7.931 Thread 0x00000285df692050 Exception <a 'java/lang/NoSuchMethodError'{0x00000000d5cfb1c8}: 'int java.lang.invoke.DirectMethodHandle$Holder.invokeVirtual(java.lang.Object, java.lang.Object, java.lang.Object)'> (0x00000000d5cfb1c8) 
thrown [s\src\hotspot\share\interpreter\linkResolver.cpp, line 773]
Event: 7.932 Thread 0x00000285df692050 Exception <a 'java/lang/NoSuchMethodError'{0x00000000d5cff408}: 'int java.lang.invoke.DirectMethodHandle$Holder.invokeStaticInit(java.lang.Object, int, int)'> (0x00000000d5cff408) 
thrown [s\src\hotspot\share\interpreter\linkResolver.cpp, line 773]
Event: 7.932 Thread 0x00000285df692050 Exception <a 'java/lang/NoSuchMethodError'{0x00000000d5d069b8}: 'int java.lang.invoke.DirectMethodHandle$Holder.invokeStaticInit(java.lang.Object, long, long)'> (0x00000000d5d069b8) 
thrown [s\src\hotspot\share\interpreter\linkResolver.cpp, line 773]
Event: 7.933 Thread 0x00000285df692050 Exception <a 'java/lang/NoSuchMethodError'{0x00000000d5d0d5b0}: 'int java.lang.invoke.DirectMethodHandle$Holder.invokeStaticInit(java.lang.Object, float, float)'> (0x00000000d5d0d5b0) 
thrown [s\src\hotspot\share\interpreter\linkResolver.cpp, line 773]
Event: 7.933 Thread 0x00000285df692050 Exception <a 'java/lang/NoSuchMethodError'{0x00000000d5d141d0}: 'int java.lang.invoke.DirectMethodHandle$Holder.invokeStaticInit(java.lang.Object, double, double)'> (0x00000000d5d141d0) 
thrown [s\src\hotspot\share\interpreter\linkResolver.cpp, line 773]
Event: 7.933 Thread 0x00000285df692050 Exception <a 'java/lang/NoSuchMethodError'{0x00000000d5d82518}: 'int java.lang.invoke.DirectMethodHandle$Holder.invokeStatic(java.lang.Object, long)'> (0x00000000d5d82518) 
thrown [s\src\hotspot\share\interpreter\linkResolver.cpp, line 773]
Event: 7.936 Thread 0x00000285df692050 Exception <a 'java/lang/NoSuchMethodError'{0x00000000d5da0e40}: 'int java.lang.invoke.Invokers$Holder.linkToTargetMethod(java.lang.Object, java.lang.Object)'> (0x00000000d5da0e40) 
thrown [s\src\hotspot\share\interpreter\linkResolver.cpp, line 773]
Event: 7.966 Thread 0x00000285df692050 Exception <a 'java/lang/NoSuchMethodError'{0x00000000d60dd8c8}: 'java.lang.Object java.lang.invoke.DirectMethodHandle$Holder.invokeSpecialIFC(java.lang.Object, java.lang.Object, java.lang.Object, java.lang.Object)'> (0x00000000d60dd8c8) 
thrown [s\src\hotspot\share\interpreter\linkResolver.cpp, line 773]
Event: 7.968 Thread 0x00000285df7094b0 Exception <a 'java/lang/ClassNotFoundException'{0x00000000d609b440}: com/sun/org/apache/xml/internal/serializer/spi/XMLEntitiesProvider> (0x00000000d609b440) 
thrown [s\src\hotspot\share\classfile\systemDictionary.cpp, line 312]
Event: 7.988 Thread 0x00000285df68ff80 Exception <a 'java/lang/NoSuchMethodError'{0x00000000d57757d8}: 'int java.lang.invoke.DirectMethodHandle$Holder.invokeSpecial(java.lang.Object, java.lang.Object, java.lang.Object, java.lang.Object)'> (0x00000000d57757d8) 
thrown [s\src\hotspot\share\interpreter\linkResolver.cpp, line 773]
Event: 7.989 Thread 0x00000285df68ff80 Exception <a 'java/lang/NoSuchMethodError'{0x00000000d638b088}: 'java.lang.Object java.lang.invoke.DirectMethodHandle$Holder.invokeStatic(java.lang.Object, int, java.lang.Object, java.lang.Object)'> (0x00000000d638b088) 
thrown [s\src\hotspot\share\interpreter\linkResolver.cpp, line 773]
Event: 7.990 Thread 0x00000285df68ff80 Exception <a 'java/lang/NoSuchMethodError'{0x00000000d6396e18}: 'java.lang.Object java.lang.invoke.DelegatingMethodHandle$Holder.delegate(java.lang.Object, int, java.lang.Object, java.lang.Object)'> (0x00000000d6396e18) 
thrown [s\src\hotspot\share\interpreter\linkResolver.cpp, line 773]
Event: 7.993 Thread 0x00000285df68ff80 Exception <a 'java/lang/NoSuchMethodError'{0x00000000d63eb348}: 'int java.lang.invoke.Invokers$Holder.linkToTargetMethod(java.lang.Object, java.lang.Object, java.lang.Object)'> (0x00000000d63eb348) 
thrown [s\src\hotspot\share\interpreter\linkResolver.cpp, line 773]
Event: 8.069 Thread 0x00000285df7094b0 Exception <a 'java/io/FileNotFoundException'{0x00000000d55eab98}> (0x00000000d55eab98) 
thrown [s\src\hotspot\share\prims\jni.cpp, line 520]

ZGC Phase Switch (0 events):
No events

VM Operations (20 events):
Event: 6.966 Executing VM operation: CollectForMetadataAllocation (Metadata GC Threshold) done
Event: 7.275 Executing VM operation: ParallelGCFailedAllocation (Allocation Failure)
Event: 7.277 Executing VM operation: ParallelGCFailedAllocation (Allocation Failure) done
Event: 7.562 Executing VM operation: ParallelGCFailedAllocation (Allocation Failure)
Event: 7.562 Executing VM operation: ParallelGCFailedAllocation (Allocation Failure) done
Event: 7.822 Executing VM operation: ParallelGCFailedAllocation (Allocation Failure)
Event: 7.825 Executing VM operation: ParallelGCFailedAllocation (Allocation Failure) done
Event: 7.880 Executing VM operation: HandshakeAllThreads (Deoptimize)
Event: 7.880 Executing VM operation: HandshakeAllThreads (Deoptimize) done
Event: 7.940 Executing VM operation: HandshakeAllThreads (Deoptimize)
Event: 7.940 Executing VM operation: HandshakeAllThreads (Deoptimize) done
Event: 7.967 Executing VM operation: HandshakeAllThreads (Deoptimize)
Event: 7.967 Executing VM operation: HandshakeAllThreads (Deoptimize) done
Event: 7.970 Executing VM operation: HandshakeAllThreads (Deoptimize)
Event: 7.970 Executing VM operation: HandshakeAllThreads (Deoptimize) done
Event: 8.000 Executing VM operation: HandshakeAllThreads (Deoptimize)
Event: 8.001 Executing VM operation: HandshakeAllThreads (Deoptimize) done
Event: 8.055 Executing VM operation: ParallelGCFailedAllocation (Allocation Failure)
Event: 8.057 Executing VM operation: ParallelGCFailedAllocation (Allocation Failure) done
Event: 9.061 Executing VM operation: Cleanup

Memory protections (0 events):
No events

Nmethod flushes (0 events):
No events

Events (20 events):
Event: 0.327 Thread 0x00000285ff837640 Thread added: 0x00000285d9f41af0
Event: 0.531 Thread 0x00000285fe74b7f0 Thread added: 0x00000285d9e63a70
Event: 0.880 Thread 0x00000285d9f41af0 Thread added: 0x00000285df05e070
Event: 1.003 Thread 0x00000285df05e070 Thread exited: 0x00000285df05e070
Event: 1.003 Thread 0x00000285d9f41af0 Thread exited: 0x00000285d9f41af0
Event: 1.265 Thread 0x00000285ff83b7e0 Thread added: 0x00000285df224690
Event: 1.758 Thread 0x00000285fe74b7f0 Thread added: 0x00000285df7b36d0
Event: 2.179 Thread 0x00000285fe74b7f0 Thread added: 0x00000285df5464d0
Event: 2.230 Thread 0x00000285df5464d0 Thread added: 0x00000285df708a80
Event: 2.232 Thread 0x00000285fe74b7f0 Thread added: 0x00000285df7094b0
Event: 2.690 Thread 0x00000285df7094b0 Thread added: 0x00000285df6a2e10
Event: 4.335 Thread 0x00000285df7094b0 Thread added: 0x00000285df7834e0
Event: 4.703 Thread 0x00000285df7094b0 Thread added: 0x00000285df691330
Event: 6.244 Thread 0x00000285df7094b0 Thread added: 0x00000285df6919c0
Event: 6.322 Thread 0x00000285df7094b0 Thread added: 0x00000285df68ff80
Event: 6.393 Thread 0x00000285df7094b0 Thread added: 0x00000285df692050
Event: 7.352 Thread 0x00000285df224690 Thread exited: 0x00000285df224690
Event: 7.850 Thread 0x00000285df7094b0 Thread added: 0x00000285df6926e0
Event: 7.987 Thread 0x00000285df68ff80 Thread added: 0x00000285df692d70
Event: 9.092 Thread 0x00000285df692d70 Thread added: 0x00000285df690610


Dynamic libraries:
0x00007ff707210000 - 0x00007ff70721e000 	c:\Users\manis\.vscode\extensions\redhat.java-1.47.0-win32-x64\jre\21.0.8-win32-x86_64\bin\java.exe
0x00007ff9b00e0000 - 0x00007ff9b0348000 	C:\WINDOWS\SYSTEM32\ntdll.dll
0x00007ff9af1d0000 - 0x00007ff9af299000 	C:\WINDOWS\System32\KERNEL32.DLL
0x00007ff9ad270000 - 0x00007ff9ad662000 	C:\WINDOWS\System32\KERNELBASE.dll
0x00007ff9ad9f0000 - 0x00007ff9adb3b000 	C:\WINDOWS\System32\ucrtbase.dll
0x00007ff999190000 - 0x00007ff9991a8000 	c:\Users\manis\.vscode\extensions\redhat.java-1.47.0-win32-x64\jre\21.0.8-win32-x86_64\bin\jli.dll
0x00007ff97c9e0000 - 0x00007ff97c9fe000 	c:\Users\manis\.vscode\extensions\redhat.java-1.47.0-win32-x64\jre\21.0.8-win32-x86_64\bin\VCRUNTIME140.dll
0x00007ff9af470000 - 0x00007ff9af635000 	C:\WINDOWS\System32\USER32.dll
0x00007ff9ad9c0000 - 0x00007ff9ad9e7000 	C:\WINDOWS\System32\win32u.dll
0x00007ff9af440000 - 0x00007ff9af46b000 	C:\WINDOWS\System32\GDI32.dll
0x00007ff9ac480000 - 0x00007ff9ac713000 	C:\WINDOWS\WinSxS\amd64_microsoft.windows.common-controls_6595b64144ccf1df_6.0.26100.6899_none_3e0efeeae32e88c1\COMCTL32.dll
0x00007ff9ad890000 - 0x00007ff9ad9bd000 	C:\WINDOWS\System32\gdi32full.dll
0x00007ff9ae040000 - 0x00007ff9ae0e9000 	C:\WINDOWS\System32\msvcrt.dll
0x00007ff9ade00000 - 0x00007ff9adea3000 	C:\WINDOWS\System32\msvcp_win.dll
0x00007ff9af640000 - 0x00007ff9af66f000 	C:\WINDOWS\System32\IMM32.DLL
0x00007ff9a5960000 - 0x00007ff9a596c000 	c:\Users\manis\.vscode\extensions\redhat.java-1.47.0-win32-x64\jre\21.0.8-win32-x86_64\bin\vcruntime140_1.dll
0x00007ff93a1e0000 - 0x00007ff93a26d000 	c:\Users\manis\.vscode\extensions\redhat.java-1.47.0-win32-x64\jre\21.0.8-win32-x86_64\bin\msvcp140.dll
0x00007ff8bb550000 - 0x00007ff8bc2e7000 	c:\Users\manis\.vscode\extensions\redhat.java-1.47.0-win32-x64\jre\21.0.8-win32-x86_64\bin\server\jvm.dll
0x00007ff9afcb0000 - 0x00007ff9afd64000 	C:\WINDOWS\System32\ADVAPI32.dll
0x00007ff9af680000 - 0x00007ff9af726000 	C:\WINDOWS\System32\sechost.dll
0x00007ff9afed0000 - 0x00007ff9affe8000 	C:\WINDOWS\System32\RPCRT4.dll
0x00007ff9ae2a0000 - 0x00007ff9ae314000 	C:\WINDOWS\System32\WS2_32.dll
0x00007ff9ad0d0000 - 0x00007ff9ad12e000 	C:\WINDOWS\SYSTEM32\POWRPROF.dll
0x00007ff9a4400000 - 0x00007ff9a4435000 	C:\WINDOWS\SYSTEM32\WINMM.dll
0x00007ff9a48f0000 - 0x00007ff9a48fb000 	C:\WINDOWS\SYSTEM32\VERSION.dll
0x00007ff9ad0b0000 - 0x00007ff9ad0c4000 	C:\WINDOWS\SYSTEM32\UMPDC.dll
0x00007ff9ab710000 - 0x00007ff9ab72b000 	C:\WINDOWS\SYSTEM32\kernel.appcore.dll
0x00007ff99af50000 - 0x00007ff99af5a000 	c:\Users\manis\.vscode\extensions\redhat.java-1.47.0-win32-x64\jre\21.0.8-win32-x86_64\bin\jimage.dll
0x00007ff9aca30000 - 0x00007ff9acc72000 	C:\WINDOWS\SYSTEM32\DBGHELP.DLL
0x00007ff9af930000 - 0x00007ff9afcab000 	C:\WINDOWS\System32\combase.dll
0x00007ff9af850000 - 0x00007ff9af927000 	C:\WINDOWS\System32\OLEAUT32.dll
0x00007ff9ac920000 - 0x00007ff9ac95c000 	C:\WINDOWS\SYSTEM32\dbgcore.DLL
0x00007ff9ad7f0000 - 0x00007ff9ad888000 	C:\WINDOWS\System32\bcryptPrimitives.dll
0x00007ff9a7430000 - 0x00007ff9a743f000 	c:\Users\manis\.vscode\extensions\redhat.java-1.47.0-win32-x64\jre\21.0.8-win32-x86_64\bin\instrument.dll
0x00007ff975c30000 - 0x00007ff975c4f000 	c:\Users\manis\.vscode\extensions\redhat.java-1.47.0-win32-x64\jre\21.0.8-win32-x86_64\bin\java.dll
0x00007ff9ae5a0000 - 0x00007ff9aeced000 	C:\WINDOWS\System32\SHELL32.dll
0x00007ff9adc00000 - 0x00007ff9add6b000 	C:\WINDOWS\System32\wintypes.dll
0x00007ff9aa480000 - 0x00007ff9aacdd000 	C:\WINDOWS\SYSTEM32\windows.storage.dll
0x00007ff9af750000 - 0x00007ff9af842000 	C:\WINDOWS\System32\SHCORE.dll
0x00007ff9ae170000 - 0x00007ff9ae1d2000 	C:\WINDOWS\System32\shlwapi.dll
0x00007ff9ad190000 - 0x00007ff9ad1b9000 	C:\WINDOWS\SYSTEM32\profapi.dll
0x00007ff975170000 - 0x00007ff975188000 	c:\Users\manis\.vscode\extensions\redhat.java-1.47.0-win32-x64\jre\21.0.8-win32-x86_64\bin\zip.dll
0x00007ff99acb0000 - 0x00007ff99acc0000 	C:\Users\manis\.vscode\extensions\redhat.java-1.47.0-win32-x64\jre\21.0.8-win32-x86_64\bin\net.dll
0x00007ff9a4770000 - 0x00007ff9a488f000 	C:\WINDOWS\SYSTEM32\WINHTTP.dll
0x00007ff9abc40000 - 0x00007ff9abcab000 	C:\WINDOWS\system32\mswsock.dll
0x00007ff973b90000 - 0x00007ff973ba6000 	C:\Users\manis\.vscode\extensions\redhat.java-1.47.0-win32-x64\jre\21.0.8-win32-x86_64\bin\nio.dll
0x00007ff9926f0000 - 0x00007ff992700000 	c:\Users\manis\.vscode\extensions\redhat.java-1.47.0-win32-x64\jre\21.0.8-win32-x86_64\bin\verify.dll
0x00007ff96c2d0000 - 0x00007ff96c314000 	C:\Users\manis\AppData\Roaming\Code\User\globalStorage\redhat.java\1.47.0\config_win\org.eclipse.equinox.launcher\org.eclipse.equinox.launcher.win32.win32.x86_64_1.2.1400.v20250801-0854\eclipse_11916.dll
0x00007ff9af2a0000 - 0x00007ff9af438000 	C:\WINDOWS\System32\ole32.dll
0x00007ff9acda0000 - 0x00007ff9acdbb000 	C:\WINDOWS\SYSTEM32\CRYPTSP.dll
0x00007ff9abcb0000 - 0x00007ff9abceb000 	C:\WINDOWS\system32\rsaenh.dll
0x00007ff9abd20000 - 0x00007ff9abd4b000 	C:\WINDOWS\SYSTEM32\USERENV.dll
0x00007ff9ad160000 - 0x00007ff9ad186000 	C:\WINDOWS\SYSTEM32\bcrypt.dll
0x00007ff9abf80000 - 0x00007ff9abf8c000 	C:\WINDOWS\SYSTEM32\CRYPTBASE.dll
0x00007ff9ab170000 - 0x00007ff9ab1a4000 	C:\WINDOWS\SYSTEM32\IPHLPAPI.DLL
0x00007ff9af730000 - 0x00007ff9af73a000 	C:\WINDOWS\System32\NSI.dll
0x00007ff961880000 - 0x00007ff9618c9000 	C:\Users\manis\AppData\Local\Temp\jna-103662596\jna18240742036846883328.dll
0x00007ff9ae320000 - 0x00007ff9ae328000 	C:\WINDOWS\System32\PSAPI.DLL
0x00007ff9a43b0000 - 0x00007ff9a43ce000 	C:\WINDOWS\SYSTEM32\dhcpcsvc6.DLL
0x00007ff9a4380000 - 0x00007ff9a43a3000 	C:\WINDOWS\SYSTEM32\dhcpcsvc.DLL

JVMTI agents:
c:\Users\manis\.vscode\extensions\redhat.java-1.47.0-win32-x64\lombok\lombok-1.18.39-4050.jar path:c:\Users\manis\.vscode\extensions\redhat.java-1.47.0-win32-x64\jre\21.0.8-win32-x86_64\bin\instrument.dll, loaded, initialized, instrumentlib options:none

dbghelp: loaded successfully - version: 4.0.5 - missing functions: none
symbol engine: initialized successfully - sym options: 0x614 - pdb path: .;c:\Users\manis\.vscode\extensions\redhat.java-1.47.0-win32-x64\jre\21.0.8-win32-x86_64\bin;C:\WINDOWS\SYSTEM32;C:\WINDOWS\WinSxS\amd64_microsoft.windows.common-controls_6595b64144ccf1df_6.0.26100.6899_none_3e0efeeae32e88c1;c:\Users\manis\.vscode\extensions\redhat.java-1.47.0-win32-x64\jre\21.0.8-win32-x86_64\bin\server;C:\Users\manis\AppData\Roaming\Code\User\globalStorage\redhat.java\1.47.0\config_win\org.eclipse.equinox.launcher\org.eclipse.equinox.launcher.win32.win32.x86_64_1.2.1400.v20250801-0854;C:\Users\manis\AppData\Local\Temp\jna-103662596

VM Arguments:
jvm_args: --add-modules=ALL-SYSTEM --add-opens=java.base/java.util=ALL-UNNAMED --add-opens=java.base/java.lang=ALL-UNNAMED --add-opens=java.base/sun.nio.fs=ALL-UNNAMED -Declipse.application=org.eclipse.jdt.ls.core.id1 -Dosgi.bundles.defaultStartLevel=4 -Declipse.product=org.eclipse.jdt.ls.core.product -Djava.import.generatesMetadataFilesAtProjectRoot=false -DDetectVMInstallationsJob.disabled=true -Dfile.encoding=utf8 -XX:+UseParallelGC -XX:GCTimeRatio=4 -XX:AdaptiveSizePolicyWeight=90 -Dsun.zip.disableMemoryMapping=true -Xmx2G -Xms100m -Xlog:disable -javaagent:c:\Users\manis\.vscode\extensions\redhat.java-1.47.0-win32-x64\lombok\lombok-1.18.39-4050.jar -XX:+HeapDumpOnOutOfMemoryError -XX:HeapDumpPath=c:\Users\manis\AppData\Roaming\Code\User\workspaceStorage\e884781afedc080931b4d4262187a8db\redhat.java -Daether.dependencyCollector.impl=bf 
java_command: c:\Users\manis\.vscode\extensions\redhat.java-1.47.0-win32-x64\server\plugins\org.eclipse.equinox.launcher_1.7.100.v20251014-1222.jar -configuration c:\Users\manis\AppData\Roaming\Code\User\globalStorage\redhat.java\1.47.0\config_win -data c:\Users\manis\AppData\Roaming\Code\User\workspaceStorage\e884781afedc080931b4d4262187a8db\redhat.java\jdt_ws --pipe=\\.\pipe\lsp-5462904d6f9033f046c00ea67afa6760-sock
java_class_path (initial): c:\Users\manis\.vscode\extensions\redhat.java-1.47.0-win32-x64\server\plugins\org.eclipse.equinox.launcher_1.7.100.v20251014-1222.jar
Launcher Type: SUN_STANDARD

[Global flags]
    uintx AdaptiveSizePolicyWeight                 = 90                                        {product} {command line}
     intx CICompilerCount                          = 4                                         {product} {ergonomic}
    uintx GCTimeRatio                              = 4                                         {product} {command line}
     bool HeapDumpOnOutOfMemoryError               = true                                   {manageable} {command line}
    ccstr HeapDumpPath                             = c:\Users\manis\AppData\Roaming\Code\User\workspaceStorage\e884781afedc080931b4d4262187a8db\redhat.java         {manageable} {command line}
   size_t InitialHeapSize                          = 104857600                                 {product} {command line}
   size_t MaxHeapSize                              = 2147483648                                {product} {command line}
   size_t MaxNewSize                               = 715653120                                 {product} {ergonomic}
   size_t MinHeapDeltaBytes                        = 524288                                    {product} {ergonomic}
   size_t MinHeapSize                              = 104857600                                 {product} {command line}
   size_t NewSize                                  = 34603008                                  {product} {ergonomic}
    uintx NonNMethodCodeHeapSize                   = 5839372                                {pd product} {ergonomic}
    uintx NonProfiledCodeHeapSize                  = 122909434                              {pd product} {ergonomic}
   size_t OldSize                                  = 70254592                                  {product} {ergonomic}
    uintx ProfiledCodeHeapSize                     = 122909434                              {pd product} {ergonomic}
    uintx ReservedCodeCacheSize                    = 251658240                              {pd product} {ergonomic}
     bool SegmentedCodeCache                       = true                                      {product} {ergonomic}
   size_t SoftMaxHeapSize                          = 2147483648                             {manageable} {ergonomic}
     bool UseCompressedOops                        = true                           {product lp64_product} {ergonomic}
     bool UseLargePagesIndividualAllocation        = false                                  {pd product} {ergonomic}
     bool UseParallelGC                            = true                                      {product} {command line}

Logging:
Log output configuration:
 #0: stdout all=off uptime,level,tags foldmultilines=false
 #1: stderr all=off uptime,level,tags foldmultilines=false

Environment Variables:
JAVA_HOME=C:\Program Files\Eclipse Adoptium\jdk-17.0.13.11-hotspot
PATH=C:\Program Files\Eclipse Adoptium\jdk-17.0.13.11-hotspot\bin;C:\Program Files\Common Files\Oracle\Java\javapath;C:\ProgramData\Oracle\Java\javapath;C:\windows\system32;C:\windows;C:\windows\System32\Wbem;C:\windows\System32\WindowsPowerShell\v1.0\;C:\windows\System32\OpenSSH\;C:\Program Files (x86)\NVIDIA Corporation\PhysX\Common;C:\WINDOWS\system32;C:\WINDOWS;C:\WINDOWS\System32\Wbem;C:\WINDOWS\System32\WindowsPowerShell\v1.0\;C:\WINDOWS\System32\OpenSSH\;C:\Program Files\nodejs\;C:\Program Files\Git\cmd;C:\xampp\php;C:\ProgramData\ComposerSetup\bin;C:\Users\manis\AppData\Local\Programs\Python\Python311\Scripts\;C:\Users\manis\AppData\Local\Programs\Python\Python311\;C:\Users\manis\AppData\Local\Microsoft\WindowsApps;C:\Users\manis\AppData\Local\Programs\Microsoft VS Code\bin;mingw-get-setup(1);C:\Users\manis\Downloads\mingw-get-setup (1).exe;C:\MinGW\bin;C:\Program Files\JetBrains\IntelliJ IDEA Community Edition 2023.3.6\bin;;C:\Users\manis\AppData\Roaming\npm;C:\Users\manis\AppData\Local\Programs\mongosh\;C:\Users\manis\AppData\Local\GitHubDesktop\bin;C:\Users\manis\AppData\Local\Programs\Filestar;C:\Users\manis\AppData\Roaming\Filestar\aliases;C:\Users\manis\AppData\Roaming\Composer\vendor\bin;C:\Users\manis\AppData\Local\Android\Sdk\platform-tools;C:\Users\manis\AppData\Local\Android\Sdk\emulator;C:\Program Files\Eclipse Adoptium\jdk-17.0.13.11-hotspot\bin;C:\Users\manis\AppData\Local\Android\Sdk\tools\bin;
USERNAME=manis
OS=Windows_NT
PROCESSOR_IDENTIFIER=AMD64 Family 25 Model 80 Stepping 0, AuthenticAMD
TMP=C:\Users\manis\AppData\Local\Temp
TEMP=C:\Users\manis\AppData\Local\Temp




Periodic native trim disabled

---------------  S Y S T E M  ---------------

OS:
 Windows 11 , 64 bit Build 26100 (10.0.26100.6725)
OS uptime: 3 days 17:42 hours

CPU: total 12 (initial active 12) (12 cores per cpu, 2 threads per core) family 25 model 80 stepping 0 microcode 0xa50000d, cx8, cmov, fxsr, ht, mmx, 3dnowpref, sse, sse2, sse3, ssse3, sse4a, sse4.1, sse4.2, popcnt, lzcnt, tsc, tscinvbit, avx, avx2, aes, erms, clmul, bmi1, bmi2, adx, sha, fma, vzeroupper, clflush, clflushopt, rdtscp, rdpid, fsrm, f16c, pku, cet_ss
Processor Information for processor 0
  Max Mhz: 3301, Current Mhz: 2011, Mhz Limit: 2112
Processor Information for processor 1
  Max Mhz: 3301, Current Mhz: 2114, Mhz Limit: 2112
Processor Information for processor 2
  Max Mhz: 3301, Current Mhz: 3301, Mhz Limit: 3301
Processor Information for processor 3
  Max Mhz: 3301, Current Mhz: 3301, Mhz Limit: 3301
Processor Information for processor 4
  Max Mhz: 3301, Current Mhz: 2011, Mhz Limit: 3301
Processor Information for processor 5
  Max Mhz: 3301, Current Mhz: 3301, Mhz Limit: 3301
Processor Information for processor 6
  Max Mhz: 3301, Current Mhz: 3301, Mhz Limit: 3301
Processor Information for processor 7
  Max Mhz: 3301, Current Mhz: 3301, Mhz Limit: 3301
Processor Information for processor 8
  Max Mhz: 3301, Current Mhz: 3301, Mhz Limit: 3301
Processor Information for processor 9
  Max Mhz: 3301, Current Mhz: 3301, Mhz Limit: 3301
Processor Information for processor 10
  Max Mhz: 3301, Current Mhz: 3301, Mhz Limit: 3301
Processor Information for processor 11
  Max Mhz: 3301, Current Mhz: 2011, Mhz Limit: 3301

Memory: 4k page, system-wide physical 7521M (361M free)
TotalPageFile size 31073M (AvailPageFile size 3M)
current process WorkingSet (physical memory assigned to process): 162M, peak: 162M
current process commit charge ("private bytes"): 303M, peak: 303M

vm_info: OpenJDK 64-Bit Server VM (21.0.8+9-LTS) for windows-amd64 JRE (21.0.8+9-LTS), built on 2025-07-15T00:00:00Z by "admin" with MS VC++ 17.7 (VS2022)

END.
